#
# There is insufficient memory for the Java Runtime Environment to continue.
# Native memory allocation (malloc) failed to allocate 1048576 bytes. Error detail: AllocateHeap
# Possible reasons:
#   The system is out of physical RAM or swap space
#   This process is running with CompressedOops enabled, and the Java Heap may be blocking the growth of the native heap
# Possible solutions:
#   Reduce memory load on the system
#   Increase physical memory or swap space
#   Check if swap backing store is full
#   Decrease Java heap size (-Xmx/-Xms)
#   Decrease number of Java threads
#   Decrease Java thread stack sizes (-Xss)
#   Set larger code cache with -XX:ReservedCodeCacheSize=
#   JVM is running with Unscaled Compressed Oops mode in which the Java heap is
#     placed in the first 4GB address space. The Java Heap base address is the
#     maximum limit for the native heap growth. Please use -XX:HeapBaseMinAddress
#     to set the Java Heap base and to place the Java Heap above 4GB virtual address.
# This output file may be truncated or incomplete.
#
#  Out of Memory Error (allocation.cpp:44), pid=39064, tid=39280
#
# JRE version:  (24.0.1+9) (build )
# Java VM: Java HotSpot(TM) 64-Bit Server VM (24.0.1+9-30, mixed mode, sharing, tiered, compressed oops, compressed class ptrs, g1 gc, windows-amd64)
# No core dump will be written. Minidumps are not enabled by default on client versions of Windows
#

---------------  S U M M A R Y ------------

Command Line: -Dclassworlds.conf=C:\Users\User\Downloads\apache-maven-3.9.9-bin\apache-maven-3.9.9\bin\m2.conf -Dmaven.home=C:\Users\User\Downloads\apache-maven-3.9.9-bin\apache-maven-3.9.9 -Dlibrary.jansi.path=C:\Users\User\Downloads\apache-maven-3.9.9-bin\apache-maven-3.9.9\lib\jansi-native -Dmaven.multiModuleProjectDirectory=C:\Users\User\IdeaProjects\Selenium_Prachi org.codehaus.plexus.classworlds.launcher.Launcher clean test

Host: AMD Ryzen 5 3450U with Radeon Vega Mobile Gfx  , 8 cores, 13G,  Windows 11 , 64 bit Build 26100 (10.0.26100.3912)
Time: Tue Jun 17 14:59:34 2025 India Standard Time elapsed time: 1.048858 seconds (0d 0h 0m 1s)

---------------  T H R E A D  ---------------

Current thread (0x00000232861209b0):  JavaThread "Unknown thread" [_thread_in_vm, id=39280, stack(0x000000afe6200000,0x000000afe6300000) (1024K)]

Stack: [0x000000afe6200000,0x000000afe6300000]
Native frames: (J=compiled Java code, j=interpreted, Vv=VM code, C=native code)
V  [jvm.dll+0x730739]  (no source info available)
V  [jvm.dll+0x8d9b23]  (no source info available)
V  [jvm.dll+0x8dc00d]  (no source info available)
V  [jvm.dll+0x8dc683]  (no source info available)
V  [jvm.dll+0x2aa086]  (no source info available)
V  [jvm.dll+0xbe9d7]  (no source info available)
V  [jvm.dll+0x35ade8]  (no source info available)
V  [jvm.dll+0x89d253]  (no source info available)
V  [jvm.dll+0x3f985d]  (no source info available)
V  [jvm.dll+0x8858e6]  (no source info available)
V  [jvm.dll+0x495f3e]  (no source info available)
V  [jvm.dll+0x497d11]  (no source info available)
C  [jli.dll+0x52a1]  (no source info available)
C  [ucrtbase.dll+0x37b0]  (no source info available)
C  [KERNEL32.DLL+0x2e8d7]  (no source info available)
C  [ntdll.dll+0x9c5dc]  (no source info available)

Lock stack of current Java thread (top to bottom):


---------------  P R O C E S S  ---------------

Threads class SMR info:
_java_thread_list=0x00007ffbff84f318, length=0, elements={
}

Java Threads: ( => current thread )
Total: 0

Other Threads:

=>0x00000232861209b0 (exited) JavaThread "Unknown thread"    [_thread_in_vm, id=39280, stack(0x000000afe6200000,0x000000afe6300000) (1024K)]
Total: 1

Threads with active compile tasks:
Total: 0

VM state: not at safepoint (not fully initialized)

VM Mutex/Monitor currently owned by a thread: None

Heap address: 0x0000000000000000, size: 0 MB, Compressed Oops mode: 32-bit

CDS archive(s) mapped at: [0x0000000000000000-0x0000000000000000-0x0000000000000000), size 0, SharedBaseAddress: 0x0000000800000000, ArchiveRelocationMode: 1.
UseCompressedClassPointers 1, UseCompactObjectHeaders 0
Narrow klass pointer bits 32, Max shift 3
Narrow klass base: 0xffffffffffffffff, Narrow klass shift: -1
Encoding Range: [0xffffffffffffffff - 0x000000007fffffff), (2147483648 bytes)
Klass Range:    [0x0000000000000000 - 0x0000000000000000), (0 bytes)
Klass ID Range:  [4294967295 - 0) (1)

GC Precious Log:
 CardTable entry size: 512
 Card Set container configuration: InlinePtr #cards 4 size 8 Array Of Cards #cards 16 size 48 Howl #buckets 8 coarsen threshold 3686 Howl Bitmap #cards 512 size 80 coarsen threshold 460 Card regions per heap region 1 cards per card region 4096

GC Heap History (0 events):
No events

Dll operation events (1 events):
Event: 0.033 Loaded shared library C:\Program Files\Java\jdk-24\bin\java.dll

Deoptimization events (0 events):
No events

Classes loaded (0 events):
No events

Classes unloaded (0 events):
No events

Classes redefined (0 events):
No events

Internal exceptions (0 events):
No events

VM Operations (0 events):
No events

Memory protections (0 events):
No events

Nmethod flushes (0 events):
No events

Events (0 events):
No events


Dynamic libraries:
0x00007ff676610000 - 0x00007ff676620000 	C:\Program Files\Java\jdk-24\bin\java.exe
0x00007ffc43040000 - 0x00007ffc432a6000 	C:\WINDOWS\SYSTEM32\ntdll.dll
0x00007ffc41c40000 - 0x00007ffc41d09000 	C:\WINDOWS\System32\KERNEL32.DLL
0x00007ffc408f0000 - 0x00007ffc40cbc000 	C:\WINDOWS\System32\KERNELBASE.dll
0x00007ffc404d0000 - 0x00007ffc4061b000 	C:\WINDOWS\System32\ucrtbase.dll
0x00007ffc2a260000 - 0x00007ffc2a276000 	C:\Program Files\Java\jdk-24\bin\jli.dll
0x00007ffc42550000 - 0x00007ffc4271a000 	C:\WINDOWS\System32\USER32.dll
0x00007ffc404a0000 - 0x00007ffc404c7000 	C:\WINDOWS\System32\win32u.dll
0x00007ffc2c5c0000 - 0x00007ffc2c5db000 	C:\Program Files\Java\jdk-24\bin\VCRUNTIME140.dll
0x00007ffc41e80000 - 0x00007ffc41eab000 	C:\WINDOWS\System32\GDI32.dll
0x00007ffc40cc0000 - 0x00007ffc40df2000 	C:\WINDOWS\System32\gdi32full.dll
0x00007ffc403f0000 - 0x00007ffc40493000 	C:\WINDOWS\System32\msvcp_win.dll
0x00007ffc2f120000 - 0x00007ffc2f3ba000 	C:\WINDOWS\WinSxS\amd64_microsoft.windows.common-controls_6595b64144ccf1df_6.0.26100.3912_none_3e07963ce335137e\COMCTL32.dll
0x00007ffc422e0000 - 0x00007ffc42389000 	C:\WINDOWS\System32\msvcrt.dll
0x00007ffc41a30000 - 0x00007ffc41a60000 	C:\WINDOWS\System32\IMM32.DLL
0x00000000598c0000 - 0x00000000598cc000 	C:\Program Files (x86)\360\Total Security\safemon\SafeWrapper.dll
0x00007ffc41dc0000 - 0x00007ffc41e72000 	C:\WINDOWS\System32\ADVAPI32.dll
0x00007ffc42f50000 - 0x00007ffc42ff6000 	C:\WINDOWS\System32\sechost.dll
0x00007ffc427b0000 - 0x00007ffc428c6000 	C:\WINDOWS\System32\RPCRT4.dll
0x00007ffc22c70000 - 0x00007ffc22d1c000 	C:\Program Files (x86)\360\Total Security\safemon\libzdtp64.dll
0x00007ffc41300000 - 0x00007ffc41a2d000 	C:\WINDOWS\System32\SHELL32.dll
0x00007ffc40270000 - 0x00007ffc403e4000 	C:\WINDOWS\System32\wintypes.dll
0x00007ffc40e00000 - 0x00007ffc41184000 	C:\WINDOWS\System32\combase.dll
0x00007ffc42740000 - 0x00007ffc427a9000 	C:\WINDOWS\System32\SHLWAPI.dll
0x00007ffc3fa90000 - 0x00007ffc3fa9b000 	C:\WINDOWS\SYSTEM32\VERSION.dll
0x00007ffc353c0000 - 0x00007ffc353cc000 	C:\Program Files\Java\jdk-24\bin\vcruntime140_1.dll
0x00007ffc097d0000 - 0x00007ffc0985e000 	C:\Program Files\Java\jdk-24\bin\msvcp140.dll
0x00007ffbfec10000 - 0x00007ffbff9b2000 	C:\Program Files\Java\jdk-24\bin\server\jvm.dll
0x00007ffc41eb0000 - 0x00007ffc41f24000 	C:\WINDOWS\System32\WS2_32.dll
0x00007ffc394e0000 - 0x00007ffc39516000 	C:\WINDOWS\SYSTEM32\WINMM.dll
0x00007ffc40020000 - 0x00007ffc4007e000 	C:\WINDOWS\SYSTEM32\POWRPROF.dll
0x00007ffc40000000 - 0x00007ffc40014000 	C:\WINDOWS\SYSTEM32\UMPDC.dll
0x00007ffc3ef20000 - 0x00007ffc3ef3a000 	C:\WINDOWS\SYSTEM32\kernel.appcore.dll
0x00007ffc30d30000 - 0x00007ffc30d3a000 	C:\Program Files\Java\jdk-24\bin\jimage.dll
0x00007ffc31670000 - 0x00007ffc318b1000 	C:\WINDOWS\SYSTEM32\DBGHELP.DLL
0x00007ffc42960000 - 0x00007ffc42a40000 	C:\WINDOWS\System32\OLEAUT32.dll
0x00007ffc292f0000 - 0x00007ffc29329000 	C:\WINDOWS\SYSTEM32\dbgcore.DLL
0x00007ffc401d0000 - 0x00007ffc40269000 	C:\WINDOWS\System32\bcryptPrimitives.dll
0x00007ffc27ad0000 - 0x00007ffc27aee000 	C:\Program Files\Java\jdk-24\bin\java.dll
0x00007ffc42130000 - 0x00007ffc422cf000 	C:\WINDOWS\System32\ole32.dll

JVMTI agents: none

dbghelp: loaded successfully - version: 4.0.5 - missing functions: none
symbol engine: initialized successfully - sym options: 0x614 - pdb path: .;C:\Program Files\Java\jdk-24\bin;C:\WINDOWS\SYSTEM32;C:\WINDOWS\WinSxS\amd64_microsoft.windows.common-controls_6595b64144ccf1df_6.0.26100.3912_none_3e07963ce335137e;C:\Program Files (x86)\360\Total Security\safemon;C:\Program Files\Java\jdk-24\bin\server

VM Arguments:
jvm_args: -Dclassworlds.conf=C:\Users\User\Downloads\apache-maven-3.9.9-bin\apache-maven-3.9.9\bin\m2.conf -Dmaven.home=C:\Users\User\Downloads\apache-maven-3.9.9-bin\apache-maven-3.9.9 -Dlibrary.jansi.path=C:\Users\User\Downloads\apache-maven-3.9.9-bin\apache-maven-3.9.9\lib\jansi-native -Dmaven.multiModuleProjectDirectory=C:\Users\User\IdeaProjects\Selenium_Prachi 
java_command: org.codehaus.plexus.classworlds.launcher.Launcher clean test
java_class_path (initial): C:\Users\User\Downloads\apache-maven-3.9.9-bin\apache-maven-3.9.9\boot\plexus-classworlds-2.8.0.jar
Launcher Type: SUN_STANDARD

[Global flags]
     intx CICompilerCount                          = 4                                         {product} {ergonomic}
     uint ConcGCThreads                            = 2                                         {product} {ergonomic}
     uint G1ConcRefinementThreads                  = 8                                         {product} {ergonomic}
   size_t G1HeapRegionSize                         = 2097152                                   {product} {ergonomic}
   size_t InitialHeapSize                          = 234881024                                 {product} {ergonomic}
   size_t MarkStackSize                            = 4194304                                   {product} {ergonomic}
   size_t MaxHeapSize                              = 3728736256                                {product} {ergonomic}
   size_t MinHeapDeltaBytes                        = 2097152                                   {product} {ergonomic}
   size_t MinHeapSize                              = 8388608                                   {product} {ergonomic}
    uintx NonNMethodCodeHeapSize                   = 5832704                                {pd product} {ergonomic}
    uintx NonProfiledCodeHeapSize                  = 122945536                              {pd product} {ergonomic}
    uintx ProfiledCodeHeapSize                     = 122880000                              {pd product} {ergonomic}
    uintx ReservedCodeCacheSize                    = 251658240                              {pd product} {ergonomic}
     bool SegmentedCodeCache                       = true                                      {product} {ergonomic}
   size_t SoftMaxHeapSize                          = 3728736256                             {manageable} {ergonomic}
     bool UseCompressedOops                        = true                           {product lp64_product} {ergonomic}
     bool UseG1GC                                  = true                                      {product} {ergonomic}
     bool UseLargePagesIndividualAllocation        = false                                  {pd product} {ergonomic}

Logging:
Log output configuration:
 #0: stdout all=warning uptime,level,tags foldmultilines=false
 #1: stderr all=off uptime,level,tags foldmultilines=false

Environment Variables:
PATH=C:\Program Files\Common Files\Oracle\Java\javapath;C:\WINDOWS\system32;C:\WINDOWS;C:\WINDOWS\System32\Wbem;C:\WINDOWS\System32\WindowsPowerShell\v1.0\;C:\WINDOWS\System32\OpenSSH\;C:\Program Files\nodejs\;C:\Users\User\Downloads\apache-maven-3.9.9-bin\apache-maven-3.9.9\bin;C:\Program Files\Git\cmd;C:\Users\User\Downloads\apache-maven-3.9.9-bin;C:\Program Files\Git\bin;C:\Program Files\Git\cmd;C:\Users\User\AppData\Local\Microsoft\WindowsApps;C:\Users\User\AppData\Roaming\npm
USERNAME=User
OS=Windows_NT
PROCESSOR_IDENTIFIER=AMD64 Family 23 Model 24 Stepping 1, AuthenticAMD
TMP=C:\Users\User\AppData\Local\Temp
TEMP=C:\Users\User\AppData\Local\Temp




Periodic native trim disabled

---------------  S Y S T E M  ---------------

OS:
 Windows 11 , 64 bit Build 26100 (10.0.26100.3912)
OS uptime: 7 days 0:22 hours

CPU: total 8 (initial active 8) (8 cores per cpu, 2 threads per core) family 23 model 24 stepping 1 microcode 0x810810e, cx8, cmov, fxsr, ht, mmx, 3dnowpref, sse, sse2, sse3, ssse3, sse4a, sse4.1, sse4.2, popcnt, lzcnt, tsc, tscinvbit, avx, avx2, aes, clmul, bmi1, bmi2, adx, sha, fma, vzeroupper, clflush, clflushopt, rdtscp, f16c
Processor Information for the first 8 processors :
  Max Mhz: 2100, Current Mhz: 2100, Mhz Limit: 2100

Memory: 4k page, system-wide physical 14222M (770M free)
TotalPageFile size 39125M (AvailPageFile size 17M)
current process WorkingSet (physical memory assigned to process): 13M, peak: 13M
current process commit charge ("private bytes"): 16M, peak: 17M

vm_info: Java HotSpot(TM) 64-Bit Server VM (24.0.1+9-30) for windows-amd64 JRE (24.0.1+9-30), built on 2025-03-05T07:23:45Z with MS VC++ 17.6 (VS2022)

END.
