#
# There is insufficient memory for the Java Runtime Environment to continue.
# Native memory allocation (malloc) failed to allocate 2044240 bytes. Error detail: Chunk::new
# Possible reasons:
#   The system is out of physical RAM or swap space
#   This process is running with CompressedOops enabled, and the Java Heap may be blocking the growth of the native heap
# Possible solutions:
#   Reduce memory load on the system
#   Increase physical memory or swap space
#   Check if swap backing store is full
#   Decrease Java heap size (-Xmx/-Xms)
#   Decrease number of Java threads
#   Decrease Java thread stack sizes (-Xss)
#   Set larger code cache with -XX:ReservedCodeCacheSize=
#   JVM is running with Zero Based Compressed Oops mode in which the Java heap is
#     placed in the first 32GB address space. The Java Heap base address is the
#     maximum limit for the native heap growth. Please use -XX:HeapBaseMinAddress
#     to set the Java Heap base and to place the Java Heap above 32GB virtual address.
# This output file may be truncated or incomplete.
#
#  Out of Memory Error (arena.cpp:162), pid=38044, tid=38256
#
# JRE version: Java(TM) SE Runtime Environment (24.0.1+9) (build 24.0.1+9-30)
# Java VM: Java HotSpot(TM) 64-Bit Server VM (24.0.1+9-30, mixed mode, sharing, tiered, compressed oops, compressed class ptrs, g1 gc, windows-amd64)
# No core dump will be written. Minidumps are not enabled by default on client versions of Windows
#

---------------  S U M M A R Y ------------

Command Line: -Dclassworlds.conf=C:\Users\User\Downloads\apache-maven-3.9.9-bin\apache-maven-3.9.9\bin\m2.conf -Dmaven.home=C:\Users\User\Downloads\apache-maven-3.9.9-bin\apache-maven-3.9.9 -Dlibrary.jansi.path=C:\Users\User\Downloads\apache-maven-3.9.9-bin\apache-maven-3.9.9\lib\jansi-native -Dmaven.multiModuleProjectDirectory=C:\Users\User\IdeaProjects\Selenium_Prachi org.codehaus.plexus.classworlds.launcher.Launcher clean test

Host: AMD Ryzen 5 3450U with Radeon Vega Mobile Gfx  , 8 cores, 13G,  Windows 11 , 64 bit Build 26100 (10.0.26100.3912)
Time: Tue Jun 17 14:45:14 2025 India Standard Time elapsed time: 5.195256 seconds (0d 0h 0m 5s)

---------------  T H R E A D  ---------------

Current thread (0x000001869fb3c950):  JavaThread "C2 CompilerThread2" daemon [_thread_in_native, id=38256, stack(0x0000001bf6e00000,0x0000001bf6f00000) (1024K)]


Current CompileTask:
C2:5195 4413 %     4       java.util.Properties$LineReader::readLine @ 224 (584 bytes)

Stack: [0x0000001bf6e00000,0x0000001bf6f00000]
Native frames: (J=compiled Java code, j=interpreted, Vv=VM code, C=native code)
V  [jvm.dll+0x730739]  (no source info available)
V  [jvm.dll+0x8d9b23]  (no source info available)
V  [jvm.dll+0x8dc00d]  (no source info available)
V  [jvm.dll+0x8dc683]  (no source info available)
V  [jvm.dll+0x2aa086]  (no source info available)
V  [jvm.dll+0xcedef]  (no source info available)
V  [jvm.dll+0xcf04f]  (no source info available)
V  [jvm.dll+0x154d83]  (no source info available)
V  [jvm.dll+0x735f5f]  (no source info available)
V  [jvm.dll+0x26fa1c]  (no source info available)
V  [jvm.dll+0x26ea3f]  (no source info available)
V  [jvm.dll+0x1e9d60]  (no source info available)
V  [jvm.dll+0x27e1fb]  (no source info available)
V  [jvm.dll+0x27c49a]  (no source info available)
V  [jvm.dll+0x42f456]  (no source info available)
V  [jvm.dll+0x87d76b]  (no source info available)
V  [jvm.dll+0x72ee55]  (no source info available)
C  [ucrtbase.dll+0x37b0]  (no source info available)
C  [KERNEL32.DLL+0x2e8d7]  (no source info available)
C  [ntdll.dll+0x9c5dc]  (no source info available)

Lock stack of current Java thread (top to bottom):


---------------  P R O C E S S  ---------------

Threads class SMR info:
_java_thread_list=0x000001869fa28b70, length=14, elements={
0x00000186381dc710, 0x00000186591d1630, 0x00000186591d3e80, 0x00000186591d78c0,
0x00000186591d9440, 0x00000186591dbaf0, 0x00000186591def00, 0x00000186591e1d60,
0x00000186591ea5e0, 0x00000186592928b0, 0x00000186592a7820, 0x000001869f292410,
0x000001869f3b0670, 0x000001869fb3c950
}

Java Threads: ( => current thread )
  0x00000186381dc710 JavaThread "main"                              [_thread_in_native, id=38068, stack(0x0000001bf5500000,0x0000001bf5600000) (1024K)]
  0x00000186591d1630 JavaThread "Reference Handler"          daemon [_thread_blocked, id=38132, stack(0x0000001bf5d00000,0x0000001bf5e00000) (1024K)]
  0x00000186591d3e80 JavaThread "Finalizer"                  daemon [_thread_blocked, id=38136, stack(0x0000001bf5e00000,0x0000001bf5f00000) (1024K)]
  0x00000186591d78c0 JavaThread "Signal Dispatcher"          daemon [_thread_blocked, id=38140, stack(0x0000001bf5f00000,0x0000001bf6000000) (1024K)]
  0x00000186591d9440 JavaThread "Attach Listener"            daemon [_thread_blocked, id=38144, stack(0x0000001bf6000000,0x0000001bf6100000) (1024K)]
  0x00000186591dbaf0 JavaThread "Service Thread"             daemon [_thread_blocked, id=38148, stack(0x0000001bf6100000,0x0000001bf6200000) (1024K)]
  0x00000186591def00 JavaThread "Monitor Deflation Thread"   daemon [_thread_blocked, id=38152, stack(0x0000001bf6200000,0x0000001bf6300000) (1024K)]
  0x00000186591e1d60 JavaThread "C2 CompilerThread0"         daemon [_thread_in_native, id=38156, stack(0x0000001bf6300000,0x0000001bf6400000) (1024K)]
  0x00000186591ea5e0 JavaThread "C1 CompilerThread0"         daemon [_thread_blocked, id=38160, stack(0x0000001bf6400000,0x0000001bf6500000) (1024K)]
  0x00000186592928b0 JavaThread "Notification Thread"        daemon [_thread_blocked, id=38164, stack(0x0000001bf6500000,0x0000001bf6600000) (1024K)]
  0x00000186592a7820 JavaThread "Common-Cleaner"             daemon [_thread_blocked, id=38168, stack(0x0000001bf6600000,0x0000001bf6700000) (1024K)]
  0x000001869f292410 JavaThread "Thread-1"                   daemon [_thread_blocked, id=38248, stack(0x0000001bf6c00000,0x0000001bf6d00000) (1024K)]
  0x000001869f3b0670 JavaThread "C2 CompilerThread1"         daemon [_thread_in_native, id=38252, stack(0x0000001bf6d00000,0x0000001bf6e00000) (1024K)]
=>0x000001869fb3c950 JavaThread "C2 CompilerThread2"         daemon [_thread_in_native, id=38256, stack(0x0000001bf6e00000,0x0000001bf6f00000) (1024K)]
Total: 14

Other Threads:
  0x00000186591befa0 VMThread "VM Thread"                           [id=38128, stack(0x0000001bf5c00000,0x0000001bf5d00000) (1024K)]
  0x00000186591a9b00 WatcherThread "VM Periodic Task Thread"        [id=38124, stack(0x0000001bf5b00000,0x0000001bf5c00000) (1024K)]
  0x000001863a67fd40 WorkerThread "GC Thread#0"                     [id=38072, stack(0x0000001bf5600000,0x0000001bf5700000) (1024K)]
  0x000001869f008be0 WorkerThread "GC Thread#1"                     [id=38224, stack(0x0000001bf6700000,0x0000001bf6800000) (1024K)]
  0x000001869f017860 WorkerThread "GC Thread#2"                     [id=38228, stack(0x0000001bf6800000,0x0000001bf6900000) (1024K)]
  0x000001869f018410 WorkerThread "GC Thread#3"                     [id=38232, stack(0x0000001bf6900000,0x0000001bf6a00000) (1024K)]
  0x0000018659f48600 WorkerThread "GC Thread#4"                     [id=38236, stack(0x0000001bf6a00000,0x0000001bf6b00000) (1024K)]
  0x000001869f13d740 WorkerThread "GC Thread#5"                     [id=38240, stack(0x0000001bf6b00000,0x0000001bf6c00000) (1024K)]
  0x000001869f3e61f0 WorkerThread "GC Thread#6"                     [id=38276, stack(0x0000001bf6f00000,0x0000001bf7000000) (1024K)]
  0x000001869f3e4f80 WorkerThread "GC Thread#7"                     [id=38280, stack(0x0000001bf7000000,0x0000001bf7100000) (1024K)]
  0x000001863a694260 ConcurrentGCThread "G1 Main Marker"            [id=38076, stack(0x0000001bf5700000,0x0000001bf5800000) (1024K)]
  0x000001863a695980 WorkerThread "G1 Conc#0"                       [id=38080, stack(0x0000001bf5800000,0x0000001bf5900000) (1024K)]
  0x0000018659071a80 ConcurrentGCThread "G1 Refine#0"               [id=38084, stack(0x0000001bf5900000,0x0000001bf5a00000) (1024K)]
  0x0000018659072600 ConcurrentGCThread "G1 Service"                [id=38088, stack(0x0000001bf5a00000,0x0000001bf5b00000) (1024K)]
Total: 14

Threads with active compile tasks:
C2 CompilerThread0  5614 4549       4       org.codehaus.plexus.interpolation.PrefixedValueSourceWrapper::getValue (39 bytes)
C2 CompilerThread1  5614 4587       4       java.lang.invoke.MethodType::makeImpl (155 bytes)
C2 CompilerThread2  5614 4413 %     4       java.util.Properties$LineReader::readLine @ 224 (584 bytes)
Total: 3

VM state: not at safepoint (normal execution)

VM Mutex/Monitor currently owned by a thread: None

Heap address: 0x0000000721c00000, size: 3556 MB, Compressed Oops mode: Zero based, Oop shift amount: 3

CDS archive(s) mapped at: [0x000001865a000000-0x000001865ad40000-0x000001865ad40000), size 13893632, SharedBaseAddress: 0x000001865a000000, ArchiveRelocationMode: 1.
Compressed class space mapped at: 0x000001865b000000-0x000001869b000000, reserved size: 1073741824
UseCompressedClassPointers 1, UseCompactObjectHeaders 0
Narrow klass pointer bits 32, Max shift 3
Narrow klass base: 0x000001865a000000, Narrow klass shift: 0
Encoding Range: [0x000001865a000000 - 0x000001875a000000), (4294967296 bytes)
Klass Range:    [0x000001865a000000 - 0x000001869b000000), (1090519040 bytes)
Klass ID Range:  [8 - 1090519033) (1090519025)

GC Precious Log:
 CardTable entry size: 512
 Card Set container configuration: InlinePtr #cards 4 size 8 Array Of Cards #cards 16 size 48 Howl #buckets 8 coarsen threshold 3686 Howl Bitmap #cards 512 size 80 coarsen threshold 460 Card regions per heap region 1 cards per card region 4096
 CPUs: 8 total, 8 available
 Memory: 14222M
 Large Page Support: Disabled
 NUMA Support: Disabled
 Compressed Oops: Enabled (Zero based)
 Heap Region Size: 2M
 Heap Min Capacity: 8M
 Heap Initial Capacity: 224M
 Heap Max Capacity: 3556M
 Pre-touch: Disabled
 Parallel Workers: 8
 Concurrent Workers: 2
 Concurrent Refinement Workers: 8
 Periodic GC: Disabled

Heap:
 garbage-first heap   total reserved 3641344K, committed 231424K, used 19086K [0x0000000721c00000, 0x0000000800000000)
  region size 2048K, 10 young (20480K), 6 survivors (12288K)
 Metaspace       used 17240K, committed 17536K, reserved 1114112K
  class space    used 1669K, committed 1792K, reserved 1048576K

Heap Regions: E=young(eden), S=young(survivor), O=old, HS=humongous(starts), HC=humongous(continues), CS=collection set, F=free, TAMS=top-at-mark-start, PB=parsable bottom
|   0|0x0000000721c00000, 0x0000000721c00000, 0x0000000721e00000|  0%| F|  |TAMS 0x0000000721c00000| PB 0x0000000721c00000| Untracked |  0
|   1|0x0000000721e00000, 0x0000000721e00000, 0x0000000722000000|  0%| F|  |TAMS 0x0000000721e00000| PB 0x0000000721e00000| Untracked |  0
|   2|0x0000000722000000, 0x0000000722000000, 0x0000000722200000|  0%| F|  |TAMS 0x0000000722000000| PB 0x0000000722000000| Untracked |  0
|   3|0x0000000722200000, 0x0000000722200000, 0x0000000722400000|  0%| F|  |TAMS 0x0000000722200000| PB 0x0000000722200000| Untracked |  0
|   4|0x0000000722400000, 0x0000000722400000, 0x0000000722600000|  0%| F|  |TAMS 0x0000000722400000| PB 0x0000000722400000| Untracked |  0
|   5|0x0000000722600000, 0x0000000722600000, 0x0000000722800000|  0%| F|  |TAMS 0x0000000722600000| PB 0x0000000722600000| Untracked |  0
|   6|0x0000000722800000, 0x0000000722800000, 0x0000000722a00000|  0%| F|  |TAMS 0x0000000722800000| PB 0x0000000722800000| Untracked |  0
|   7|0x0000000722a00000, 0x0000000722a00000, 0x0000000722c00000|  0%| F|  |TAMS 0x0000000722a00000| PB 0x0000000722a00000| Untracked |  0
|   8|0x0000000722c00000, 0x0000000722c00000, 0x0000000722e00000|  0%| F|  |TAMS 0x0000000722c00000| PB 0x0000000722c00000| Untracked |  0
|   9|0x0000000722e00000, 0x0000000722e00000, 0x0000000723000000|  0%| F|  |TAMS 0x0000000722e00000| PB 0x0000000722e00000| Untracked |  0
|  10|0x0000000723000000, 0x0000000723000000, 0x0000000723200000|  0%| F|  |TAMS 0x0000000723000000| PB 0x0000000723000000| Untracked |  0
|  11|0x0000000723200000, 0x0000000723200000, 0x0000000723400000|  0%| F|  |TAMS 0x0000000723200000| PB 0x0000000723200000| Untracked |  0
|  12|0x0000000723400000, 0x0000000723400000, 0x0000000723600000|  0%| F|  |TAMS 0x0000000723400000| PB 0x0000000723400000| Untracked |  0
|  13|0x0000000723600000, 0x0000000723600000, 0x0000000723800000|  0%| F|  |TAMS 0x0000000723600000| PB 0x0000000723600000| Untracked |  0
|  14|0x0000000723800000, 0x0000000723800000, 0x0000000723a00000|  0%| F|  |TAMS 0x0000000723800000| PB 0x0000000723800000| Untracked |  0
|  15|0x0000000723a00000, 0x0000000723a00000, 0x0000000723c00000|  0%| F|  |TAMS 0x0000000723a00000| PB 0x0000000723a00000| Untracked |  0
|  16|0x0000000723c00000, 0x0000000723c00000, 0x0000000723e00000|  0%| F|  |TAMS 0x0000000723c00000| PB 0x0000000723c00000| Untracked |  0
|  17|0x0000000723e00000, 0x0000000723e00000, 0x0000000724000000|  0%| F|  |TAMS 0x0000000723e00000| PB 0x0000000723e00000| Untracked |  0
|  18|0x0000000724000000, 0x0000000724000000, 0x0000000724200000|  0%| F|  |TAMS 0x0000000724000000| PB 0x0000000724000000| Untracked |  0
|  19|0x0000000724200000, 0x0000000724200000, 0x0000000724400000|  0%| F|  |TAMS 0x0000000724200000| PB 0x0000000724200000| Untracked |  0
|  20|0x0000000724400000, 0x0000000724400000, 0x0000000724600000|  0%| F|  |TAMS 0x0000000724400000| PB 0x0000000724400000| Untracked |  0
|  21|0x0000000724600000, 0x0000000724600000, 0x0000000724800000|  0%| F|  |TAMS 0x0000000724600000| PB 0x0000000724600000| Untracked |  0
|  22|0x0000000724800000, 0x0000000724800000, 0x0000000724a00000|  0%| F|  |TAMS 0x0000000724800000| PB 0x0000000724800000| Untracked |  0
|  23|0x0000000724a00000, 0x0000000724a00000, 0x0000000724c00000|  0%| F|  |TAMS 0x0000000724a00000| PB 0x0000000724a00000| Untracked |  0
|  24|0x0000000724c00000, 0x0000000724c00000, 0x0000000724e00000|  0%| F|  |TAMS 0x0000000724c00000| PB 0x0000000724c00000| Untracked |  0
|  25|0x0000000724e00000, 0x0000000724e00000, 0x0000000725000000|  0%| F|  |TAMS 0x0000000724e00000| PB 0x0000000724e00000| Untracked |  0
|  26|0x0000000725000000, 0x0000000725000000, 0x0000000725200000|  0%| F|  |TAMS 0x0000000725000000| PB 0x0000000725000000| Untracked |  0
|  27|0x0000000725200000, 0x0000000725200000, 0x0000000725400000|  0%| F|  |TAMS 0x0000000725200000| PB 0x0000000725200000| Untracked |  0
|  28|0x0000000725400000, 0x0000000725400000, 0x0000000725600000|  0%| F|  |TAMS 0x0000000725400000| PB 0x0000000725400000| Untracked |  0
|  29|0x0000000725600000, 0x0000000725600000, 0x0000000725800000|  0%| F|  |TAMS 0x0000000725600000| PB 0x0000000725600000| Untracked |  0
|  30|0x0000000725800000, 0x0000000725800000, 0x0000000725a00000|  0%| F|  |TAMS 0x0000000725800000| PB 0x0000000725800000| Untracked |  0
|  31|0x0000000725a00000, 0x0000000725a00000, 0x0000000725c00000|  0%| F|  |TAMS 0x0000000725a00000| PB 0x0000000725a00000| Untracked |  0
|  32|0x0000000725c00000, 0x0000000725c00000, 0x0000000725e00000|  0%| F|  |TAMS 0x0000000725c00000| PB 0x0000000725c00000| Untracked |  0
|  33|0x0000000725e00000, 0x0000000725e00000, 0x0000000726000000|  0%| F|  |TAMS 0x0000000725e00000| PB 0x0000000725e00000| Untracked |  0
|  34|0x0000000726000000, 0x0000000726000000, 0x0000000726200000|  0%| F|  |TAMS 0x0000000726000000| PB 0x0000000726000000| Untracked |  0
|  35|0x0000000726200000, 0x0000000726200000, 0x0000000726400000|  0%| F|  |TAMS 0x0000000726200000| PB 0x0000000726200000| Untracked |  0
|  36|0x0000000726400000, 0x0000000726400000, 0x0000000726600000|  0%| F|  |TAMS 0x0000000726400000| PB 0x0000000726400000| Untracked |  0
|  37|0x0000000726600000, 0x0000000726600000, 0x0000000726800000|  0%| F|  |TAMS 0x0000000726600000| PB 0x0000000726600000| Untracked |  0
|  38|0x0000000726800000, 0x0000000726800000, 0x0000000726a00000|  0%| F|  |TAMS 0x0000000726800000| PB 0x0000000726800000| Untracked |  0
|  39|0x0000000726a00000, 0x0000000726a00000, 0x0000000726c00000|  0%| F|  |TAMS 0x0000000726a00000| PB 0x0000000726a00000| Untracked |  0
|  40|0x0000000726c00000, 0x0000000726c00000, 0x0000000726e00000|  0%| F|  |TAMS 0x0000000726c00000| PB 0x0000000726c00000| Untracked |  0
|  41|0x0000000726e00000, 0x0000000726e00000, 0x0000000727000000|  0%| F|  |TAMS 0x0000000726e00000| PB 0x0000000726e00000| Untracked |  0
|  42|0x0000000727000000, 0x0000000727000000, 0x0000000727200000|  0%| F|  |TAMS 0x0000000727000000| PB 0x0000000727000000| Untracked |  0
|  43|0x0000000727200000, 0x0000000727200000, 0x0000000727400000|  0%| F|  |TAMS 0x0000000727200000| PB 0x0000000727200000| Untracked |  0
|  44|0x0000000727400000, 0x0000000727400000, 0x0000000727600000|  0%| F|  |TAMS 0x0000000727400000| PB 0x0000000727400000| Untracked |  0
|  45|0x0000000727600000, 0x0000000727600000, 0x0000000727800000|  0%| F|  |TAMS 0x0000000727600000| PB 0x0000000727600000| Untracked |  0
|  46|0x0000000727800000, 0x0000000727800000, 0x0000000727a00000|  0%| F|  |TAMS 0x0000000727800000| PB 0x0000000727800000| Untracked |  0
|  47|0x0000000727a00000, 0x0000000727a00000, 0x0000000727c00000|  0%| F|  |TAMS 0x0000000727a00000| PB 0x0000000727a00000| Untracked |  0
|  48|0x0000000727c00000, 0x0000000727c00000, 0x0000000727e00000|  0%| F|  |TAMS 0x0000000727c00000| PB 0x0000000727c00000| Untracked |  0
|  49|0x0000000727e00000, 0x0000000727e00000, 0x0000000728000000|  0%| F|  |TAMS 0x0000000727e00000| PB 0x0000000727e00000| Untracked |  0
|  50|0x0000000728000000, 0x0000000728000000, 0x0000000728200000|  0%| F|  |TAMS 0x0000000728000000| PB 0x0000000728000000| Untracked |  0
|  51|0x0000000728200000, 0x0000000728200000, 0x0000000728400000|  0%| F|  |TAMS 0x0000000728200000| PB 0x0000000728200000| Untracked |  0
|  52|0x0000000728400000, 0x0000000728400000, 0x0000000728600000|  0%| F|  |TAMS 0x0000000728400000| PB 0x0000000728400000| Untracked |  0
|  53|0x0000000728600000, 0x0000000728600000, 0x0000000728800000|  0%| F|  |TAMS 0x0000000728600000| PB 0x0000000728600000| Untracked |  0
|  54|0x0000000728800000, 0x00000007289867d0, 0x0000000728a00000| 76%| S|CS|TAMS 0x0000000728800000| PB 0x0000000728800000| Complete |  0
|  55|0x0000000728a00000, 0x0000000728c00000, 0x0000000728c00000|100%| S|CS|TAMS 0x0000000728a00000| PB 0x0000000728a00000| Complete |  0
|  56|0x0000000728c00000, 0x0000000728e00000, 0x0000000728e00000|100%| S|CS|TAMS 0x0000000728c00000| PB 0x0000000728c00000| Complete |  0
|  57|0x0000000728e00000, 0x0000000729000000, 0x0000000729000000|100%| S|CS|TAMS 0x0000000728e00000| PB 0x0000000728e00000| Complete |  0
|  58|0x0000000729000000, 0x0000000729200000, 0x0000000729200000|100%| S|CS|TAMS 0x0000000729000000| PB 0x0000000729000000| Complete |  0
|  59|0x0000000729200000, 0x0000000729400000, 0x0000000729400000|100%| S|CS|TAMS 0x0000000729200000| PB 0x0000000729200000| Complete |  0
|  60|0x0000000729400000, 0x0000000729400000, 0x0000000729600000|  0%| F|  |TAMS 0x0000000729400000| PB 0x0000000729400000| Untracked |  0
|  61|0x0000000729600000, 0x0000000729600000, 0x0000000729800000|  0%| F|  |TAMS 0x0000000729600000| PB 0x0000000729600000| Untracked |  0
|  62|0x0000000729800000, 0x0000000729800000, 0x0000000729a00000|  0%| F|  |TAMS 0x0000000729800000| PB 0x0000000729800000| Untracked |  0
|  63|0x0000000729a00000, 0x0000000729a00000, 0x0000000729c00000|  0%| F|  |TAMS 0x0000000729a00000| PB 0x0000000729a00000| Untracked |  0
|  64|0x0000000729c00000, 0x0000000729c00000, 0x0000000729e00000|  0%| F|  |TAMS 0x0000000729c00000| PB 0x0000000729c00000| Untracked |  0
|  65|0x0000000729e00000, 0x0000000729e00000, 0x000000072a000000|  0%| F|  |TAMS 0x0000000729e00000| PB 0x0000000729e00000| Untracked |  0
|  66|0x000000072a000000, 0x000000072a000000, 0x000000072a200000|  0%| F|  |TAMS 0x000000072a000000| PB 0x000000072a000000| Untracked |  0
|  67|0x000000072a200000, 0x000000072a200000, 0x000000072a400000|  0%| F|  |TAMS 0x000000072a200000| PB 0x000000072a200000| Untracked |  0
|  68|0x000000072a400000, 0x000000072a400000, 0x000000072a600000|  0%| F|  |TAMS 0x000000072a400000| PB 0x000000072a400000| Untracked |  0
|  69|0x000000072a600000, 0x000000072a600000, 0x000000072a800000|  0%| F|  |TAMS 0x000000072a600000| PB 0x000000072a600000| Untracked |  0
|  70|0x000000072a800000, 0x000000072a800000, 0x000000072aa00000|  0%| F|  |TAMS 0x000000072a800000| PB 0x000000072a800000| Untracked |  0
|  71|0x000000072aa00000, 0x000000072aa00000, 0x000000072ac00000|  0%| F|  |TAMS 0x000000072aa00000| PB 0x000000072aa00000| Untracked |  0
|  72|0x000000072ac00000, 0x000000072ac00000, 0x000000072ae00000|  0%| F|  |TAMS 0x000000072ac00000| PB 0x000000072ac00000| Untracked |  0
|  73|0x000000072ae00000, 0x000000072ae00000, 0x000000072b000000|  0%| F|  |TAMS 0x000000072ae00000| PB 0x000000072ae00000| Untracked |  0
|  74|0x000000072b000000, 0x000000072b000000, 0x000000072b200000|  0%| F|  |TAMS 0x000000072b000000| PB 0x000000072b000000| Untracked |  0
|  75|0x000000072b200000, 0x000000072b200000, 0x000000072b400000|  0%| F|  |TAMS 0x000000072b200000| PB 0x000000072b200000| Untracked |  0
|  76|0x000000072b400000, 0x000000072b400000, 0x000000072b600000|  0%| F|  |TAMS 0x000000072b400000| PB 0x000000072b400000| Untracked |  0
|  77|0x000000072b600000, 0x000000072b600000, 0x000000072b800000|  0%| F|  |TAMS 0x000000072b600000| PB 0x000000072b600000| Untracked |  0
|  78|0x000000072b800000, 0x000000072b800000, 0x000000072ba00000|  0%| F|  |TAMS 0x000000072b800000| PB 0x000000072b800000| Untracked |  0
|  79|0x000000072ba00000, 0x000000072ba00000, 0x000000072bc00000|  0%| F|  |TAMS 0x000000072ba00000| PB 0x000000072ba00000| Untracked |  0
|  80|0x000000072bc00000, 0x000000072bc00000, 0x000000072be00000|  0%| F|  |TAMS 0x000000072bc00000| PB 0x000000072bc00000| Untracked |  0
|  81|0x000000072be00000, 0x000000072be00000, 0x000000072c000000|  0%| F|  |TAMS 0x000000072be00000| PB 0x000000072be00000| Untracked |  0
|  82|0x000000072c000000, 0x000000072c000000, 0x000000072c200000|  0%| F|  |TAMS 0x000000072c000000| PB 0x000000072c000000| Untracked |  0
|  83|0x000000072c200000, 0x000000072c200000, 0x000000072c400000|  0%| F|  |TAMS 0x000000072c200000| PB 0x000000072c200000| Untracked |  0
|  84|0x000000072c400000, 0x000000072c400000, 0x000000072c600000|  0%| F|  |TAMS 0x000000072c400000| PB 0x000000072c400000| Untracked |  0
|  85|0x000000072c600000, 0x000000072c600000, 0x000000072c800000|  0%| F|  |TAMS 0x000000072c600000| PB 0x000000072c600000| Untracked |  0
|  86|0x000000072c800000, 0x000000072c800000, 0x000000072ca00000|  0%| F|  |TAMS 0x000000072c800000| PB 0x000000072c800000| Untracked |  0
|  87|0x000000072ca00000, 0x000000072ca00000, 0x000000072cc00000|  0%| F|  |TAMS 0x000000072ca00000| PB 0x000000072ca00000| Untracked |  0
|  88|0x000000072cc00000, 0x000000072cc00000, 0x000000072ce00000|  0%| F|  |TAMS 0x000000072cc00000| PB 0x000000072cc00000| Untracked |  0
|  89|0x000000072ce00000, 0x000000072ce00000, 0x000000072d000000|  0%| F|  |TAMS 0x000000072ce00000| PB 0x000000072ce00000| Untracked |  0
|  90|0x000000072d000000, 0x000000072d000000, 0x000000072d200000|  0%| F|  |TAMS 0x000000072d000000| PB 0x000000072d000000| Untracked |  0
|  91|0x000000072d200000, 0x000000072d200000, 0x000000072d400000|  0%| F|  |TAMS 0x000000072d200000| PB 0x000000072d200000| Untracked |  0
|  92|0x000000072d400000, 0x000000072d400000, 0x000000072d600000|  0%| F|  |TAMS 0x000000072d400000| PB 0x000000072d400000| Untracked |  0
|  93|0x000000072d600000, 0x000000072d600000, 0x000000072d800000|  0%| F|  |TAMS 0x000000072d600000| PB 0x000000072d600000| Untracked |  0
|  94|0x000000072d800000, 0x000000072d800000, 0x000000072da00000|  0%| F|  |TAMS 0x000000072d800000| PB 0x000000072d800000| Untracked |  0
|  95|0x000000072da00000, 0x000000072da00000, 0x000000072dc00000|  0%| F|  |TAMS 0x000000072da00000| PB 0x000000072da00000| Untracked |  0
|  96|0x000000072dc00000, 0x000000072dc00000, 0x000000072de00000|  0%| F|  |TAMS 0x000000072dc00000| PB 0x000000072dc00000| Untracked |  0
|  97|0x000000072de00000, 0x000000072de00000, 0x000000072e000000|  0%| F|  |TAMS 0x000000072de00000| PB 0x000000072de00000| Untracked |  0
|  98|0x000000072e000000, 0x000000072e000000, 0x000000072e200000|  0%| F|  |TAMS 0x000000072e000000| PB 0x000000072e000000| Untracked |  0
|  99|0x000000072e200000, 0x000000072e200000, 0x000000072e400000|  0%| F|  |TAMS 0x000000072e200000| PB 0x000000072e200000| Untracked |  0
| 100|0x000000072e400000, 0x000000072e400000, 0x000000072e600000|  0%| F|  |TAMS 0x000000072e400000| PB 0x000000072e400000| Untracked |  0
| 101|0x000000072e600000, 0x000000072e600000, 0x000000072e800000|  0%| F|  |TAMS 0x000000072e600000| PB 0x000000072e600000| Untracked |  0
| 102|0x000000072e800000, 0x000000072e800000, 0x000000072ea00000|  0%| F|  |TAMS 0x000000072e800000| PB 0x000000072e800000| Untracked |  0
| 103|0x000000072ea00000, 0x000000072ea00000, 0x000000072ec00000|  0%| F|  |TAMS 0x000000072ea00000| PB 0x000000072ea00000| Untracked |  0
| 104|0x000000072ec00000, 0x000000072ec00000, 0x000000072ee00000|  0%| F|  |TAMS 0x000000072ec00000| PB 0x000000072ec00000| Untracked |  0
| 105|0x000000072ee00000, 0x000000072ee00000, 0x000000072f000000|  0%| F|  |TAMS 0x000000072ee00000| PB 0x000000072ee00000| Untracked |  0
| 106|0x000000072f000000, 0x000000072f000000, 0x000000072f200000|  0%| F|  |TAMS 0x000000072f000000| PB 0x000000072f000000| Untracked |  0
| 107|0x000000072f200000, 0x000000072f200000, 0x000000072f400000|  0%| F|  |TAMS 0x000000072f200000| PB 0x000000072f200000| Untracked |  0
| 108|0x000000072f400000, 0x000000072f600000, 0x000000072f600000|100%| E|  |TAMS 0x000000072f400000| PB 0x000000072f400000| Complete |  0
| 109|0x000000072f600000, 0x000000072f800000, 0x000000072f800000|100%| E|CS|TAMS 0x000000072f600000| PB 0x000000072f600000| Complete |  0
| 110|0x000000072f800000, 0x000000072fa00000, 0x000000072fa00000|100%| E|CS|TAMS 0x000000072f800000| PB 0x000000072f800000| Complete |  0
| 111|0x000000072fa00000, 0x000000072fc00000, 0x000000072fc00000|100%| E|CS|TAMS 0x000000072fa00000| PB 0x000000072fa00000| Complete |  0
|1777|0x00000007ffe00000, 0x00000007fff1d1c0, 0x0000000800000000| 55%| O|  |TAMS 0x00000007ffe00000| PB 0x00000007ffe00000| Untracked |  0

Card table byte_map: [0x00000186528e0000,0x0000018652fe0000] _byte_map_base: 0x000001864efd2000

Marking Bits: (CMBitMap*) 0x000001863a681460
 Bits: [0x0000018652fe0000, 0x0000018656770000)

Polling page: 0x00000186383d0000

Metaspace:

Usage:
  Non-class:     15.21 MB used.
      Class:      1.63 MB used.
       Both:     16.84 MB used.

Virtual space:
  Non-class space:       64.00 MB reserved,      15.38 MB ( 24%) committed,  1 nodes.
      Class space:        1.00 GB reserved,       1.75 MB ( <1%) committed,  1 nodes.
             Both:        1.06 GB reserved,      17.12 MB (  2%) committed. 

Chunk freelists:
   Non-Class:  15.84 MB
       Class:  14.24 MB
        Both:  30.09 MB

MaxMetaspaceSize: unlimited
CompressedClassSpaceSize: 1.00 GB
Initial GC threshold: 21.00 MB
Current GC threshold: 21.00 MB
CDS: on
 - commit_granule_bytes: 65536.
 - commit_granule_words: 8192.
 - virtual_space_node_default_size: 8388608.
 - enlarge_chunks_in_place: 1.
UseCompressedClassPointers 1, UseCompactObjectHeaders 0
Narrow klass pointer bits 32, Max shift 3
Narrow klass base: 0x000001865a000000, Narrow klass shift: 0
Encoding Range: [0x000001865a000000 - 0x000001875a000000), (4294967296 bytes)
Klass Range:    [0x000001865a000000 - 0x000001869b000000), (1090519040 bytes)
Klass ID Range:  [8 - 1090519033) (1090519025)


Internal statistics:

num_allocs_failed_limit: 0.
num_arena_births: 200.
num_arena_deaths: 0.
num_vsnodes_births: 2.
num_vsnodes_deaths: 0.
num_space_committed: 274.
num_space_uncommitted: 0.
num_chunks_returned_to_freelist: 0.
num_chunks_taken_from_freelist: 782.
num_chunk_merges: 0.
num_chunk_splits: 541.
num_chunks_enlarged: 431.
num_inconsistent_stats: 0.

CodeHeap 'non-profiled nmethods': size=120064Kb used=1876Kb max_used=1876Kb free=118187Kb
 bounds [0x000001864a960000, 0x000001864abd0000, 0x0000018651ea0000]
CodeHeap 'profiled nmethods': size=120000Kb used=8056Kb max_used=8056Kb free=111943Kb
 bounds [0x0000018642ea0000, 0x0000018643680000, 0x000001864a3d0000]
CodeHeap 'non-nmethods': size=5696Kb used=1353Kb max_used=1472Kb free=4342Kb
 bounds [0x000001864a3d0000, 0x000001864a640000, 0x000001864a960000]
CodeCache: size=245760Kb, used=11285Kb, max_used=11404Kb, free=234472Kb
 total_blobs=5110, nmethods=4595, adapters=419, full_count=0
Compilation: enabled, stopped_count=0, restarted_count=0

Compilation events (20 events):
Event: 5.024 Thread 0x00000186591ea5e0 nmethod 4409 0x0000018643609f88 code [0x000001864360a0a0, 0x000001864360a250]
Event: 5.024 Thread 0x00000186591ea5e0 4410       3       org.eclipse.aether.RepositoryEvent::<init> (69 bytes)
Event: 5.024 Thread 0x000001869fb3c950 nmethod 4392 0x000001864ab0de08 code [0x000001864ab0df60, 0x000001864ab0e9c0]
Event: 5.024 Thread 0x00000186591ea5e0 nmethod 4410 0x000001864360a288 code [0x000001864360a3c0, 0x000001864360a888]
Event: 5.024 Thread 0x00000186591ea5e0 4405       3       org.eclipse.aether.internal.impl.EnhancedLocalRepositoryManager::getKey (27 bytes)
Event: 5.024 Thread 0x000001869fb3c950 4411       4       sun.nio.ch.FileKey::hashCode (15 bytes)
Event: 5.025 Thread 0x000001869fb3c950 nmethod 4411 0x000001864ab0ea88 code [0x000001864ab0eb80, 0x000001864ab0ec00]
Event: 5.025 Thread 0x00000186591ea5e0 nmethod 4405 0x000001864360a908 code [0x000001864360aac0, 0x000001864360b340]
Event: 5.025 Thread 0x00000186591ea5e0 4403       3       java.io.File::length (17 bytes)
Event: 5.026 Thread 0x00000186591ea5e0 nmethod 4403 0x000001864360b408 code [0x000001864360b540, 0x000001864360b818]
Event: 5.026 Thread 0x00000186591ea5e0 4404       3       java.io.WinNTFileSystem::getLength (6 bytes)
Event: 5.026 Thread 0x00000186591ea5e0 nmethod 4404 0x000001864360b888 code [0x000001864360b9a0, 0x000001864360bad0]
Event: 5.029 Thread 0x00000186591ea5e0 4412       3       java.io.File::getParentFile (41 bytes)
Event: 5.029 Thread 0x00000186591ea5e0 nmethod 4412 0x000001864360bb88 code [0x000001864360bce0, 0x000001864360c158]
Event: 5.055 Thread 0x000001869fb3c950 4413 %     4       java.util.Properties$LineReader::readLine @ 224 (584 bytes)
Event: 5.070 Thread 0x00000186591ea5e0 4415       3       jdk.internal.misc.Unsafe::checkNativeAddress (28 bytes)
Event: 5.070 Thread 0x00000186591ea5e0 nmethod 4415 0x000001864360c188 code [0x000001864360c2a0, 0x000001864360c3b8]
Event: 5.084 Thread 0x00000186591ea5e0 4417   !   3       java.util.concurrent.ConcurrentHashMap::compute (654 bytes)
Event: 5.188 Thread 0x00000186591ea5e0 nmethod 4417 0x000001864360c488 code [0x000001864360c8a0, 0x000001864360f050]
Event: 5.188 Thread 0x00000186591ea5e0 4422       1       org.apache.maven.artifact.DefaultArtifact::getGroupId (5 bytes)

GC Heap History (2 events):
Event: 2.403 GC heap before
{Heap before GC invocations=0 (full 0):
 garbage-first heap   total reserved 3641344K, committed 231424K, used 50292K [0x0000000721c00000, 0x0000000800000000)
  region size 2048K, 24 young (49152K), 0 survivors (0K)
 Metaspace       used 9864K, committed 10048K, reserved 1114112K
  class space    used 902K, committed 1024K, reserved 1048576K
}
Event: 2.410 GC heap after
{Heap after GC invocations=1 (full 0):
 garbage-first heap   total reserved 3641344K, committed 231424K, used 5850K [0x0000000721c00000, 0x0000000800000000)
  region size 2048K, 3 young (6144K), 3 survivors (6144K)
 Metaspace       used 9864K, committed 10048K, reserved 1114112K
  class space    used 902K, committed 1024K, reserved 1048576K
}

Dll operation events (8 events):
Event: 0.017 Loaded shared library C:\Program Files\Java\jdk-24\bin\java.dll
Event: 0.451 Loaded shared library C:\Program Files\Java\jdk-24\bin\jsvml.dll
Event: 0.463 Loaded shared library C:\Program Files\Java\jdk-24\bin\net.dll
Event: 0.467 Loaded shared library C:\Program Files\Java\jdk-24\bin\nio.dll
Event: 0.473 Loaded shared library C:\Program Files\Java\jdk-24\bin\zip.dll
Event: 0.660 Loaded shared library C:\Program Files\Java\jdk-24\bin\jimage.dll
Event: 0.664 Loaded shared library C:\Users\User\Downloads\apache-maven-3.9.9-bin\apache-maven-3.9.9\lib\jansi-native\Windows\x86_64\jansi.dll
Event: 0.682 Loaded shared library C:\Program Files\Java\jdk-24\bin\verify.dll

Deoptimization events (20 events):
Event: 4.704 Thread 0x00000186381dc710 DEOPT PACKING pc=0x000001864aaf16ec sp=0x0000001bf55fca60
Event: 4.704 Thread 0x00000186381dc710 DEOPT UNPACKING pc=0x000001864a4e5982 sp=0x0000001bf55fc9e0 mode 2
Event: 4.776 Thread 0x00000186381dc710 Uncommon trap: trap_request=0xffffffde fr.pc=0x000001864a9a05d0 relative=0x0000000000000b70
Event: 4.776 Thread 0x00000186381dc710 Uncommon trap: reason=class_check action=maybe_recompile pc=0x000001864a9a05d0 method=java.util.concurrent.ConcurrentHashMap.putVal(Ljava/lang/Object;Ljava/lang/Object;Z)Ljava/lang/Object; @ 242 c2
Event: 4.776 Thread 0x00000186381dc710 DEOPT PACKING pc=0x000001864a9a05d0 sp=0x0000001bf55fd4d0
Event: 4.776 Thread 0x00000186381dc710 DEOPT UNPACKING pc=0x000001864a4e5982 sp=0x0000001bf55fd430 mode 2
Event: 4.814 Thread 0x00000186381dc710 DEOPT PACKING pc=0x0000018642f32e06 sp=0x0000001bf55fcec0
Event: 4.814 Thread 0x00000186381dc710 DEOPT UNPACKING pc=0x000001864a425722 sp=0x0000001bf55fc3c0 mode 0
Event: 4.819 Thread 0x00000186381dc710 Uncommon trap: trap_request=0xffffff76 fr.pc=0x000001864ab00658 relative=0x00000000000001b8
Event: 4.819 Thread 0x00000186381dc710 Uncommon trap: reason=predicate action=maybe_recompile pc=0x000001864ab00658 method=java.util.HashMap.keysToArray([Ljava/lang/Object;)[Ljava/lang/Object; @ 48 c2
Event: 4.819 Thread 0x00000186381dc710 DEOPT PACKING pc=0x000001864ab00658 sp=0x0000001bf55fcad0
Event: 4.819 Thread 0x00000186381dc710 DEOPT UNPACKING pc=0x000001864a4e5982 sp=0x0000001bf55fca58 mode 2
Event: 4.871 Thread 0x00000186381dc710 Uncommon trap: trap_request=0xffffff4d fr.pc=0x000001864aa00a70 relative=0x0000000000000250
Event: 4.871 Thread 0x00000186381dc710 Uncommon trap: reason=unstable_if action=reinterpret pc=0x000001864aa00a70 method=java.util.HashMap.hash(Ljava/lang/Object;)I @ 1 c2
Event: 4.871 Thread 0x00000186381dc710 DEOPT PACKING pc=0x000001864aa00a70 sp=0x0000001bf55fdce0
Event: 4.871 Thread 0x00000186381dc710 DEOPT UNPACKING pc=0x000001864a4e5982 sp=0x0000001bf55fdb78 mode 2
Event: 4.871 Thread 0x00000186381dc710 Uncommon trap: trap_request=0xffffff4d fr.pc=0x000001864aa03cec relative=0x000000000000024c
Event: 4.871 Thread 0x00000186381dc710 Uncommon trap: reason=unstable_if action=reinterpret pc=0x000001864aa03cec method=java.util.HashMap.hash(Ljava/lang/Object;)I @ 1 c2
Event: 4.871 Thread 0x00000186381dc710 DEOPT PACKING pc=0x000001864aa03cec sp=0x0000001bf55fdc70
Event: 4.871 Thread 0x00000186381dc710 DEOPT UNPACKING pc=0x000001864a4e5982 sp=0x0000001bf55fdb78 mode 2

Classes loaded (20 events):
Event: 3.453 Loading class java/nio/file/AccessMode
Event: 3.453 Loading class java/nio/file/AccessMode done
Event: 3.453 Loading class sun/nio/fs/WindowsFileSystemProvider$1
Event: 3.453 Loading class sun/nio/fs/WindowsFileSystemProvider$1 done
Event: 3.455 Loading class sun/nio/ch/FileLockImpl
Event: 3.455 Loading class sun/nio/ch/FileLockImpl done
Event: 3.455 Loading class sun/nio/ch/FileLockTable
Event: 3.456 Loading class sun/nio/ch/FileLockTable done
Event: 3.456 Loading class sun/nio/ch/FileKey
Event: 3.456 Loading class sun/nio/ch/FileKey done
Event: 3.456 Loading class sun/nio/ch/FileLockTable$FileLockReference
Event: 3.456 Loading class sun/nio/ch/FileLockTable$FileLockReference done
Event: 3.457 Loading class java/util/AbstractMap$2
Event: 3.457 Loading class java/util/AbstractMap$2 done
Event: 3.457 Loading class java/util/AbstractMap$ValueIterator
Event: 3.457 Loading class java/util/AbstractMap$ValueIterator done
Event: 3.522 Loading class java/util/stream/Streams$RangeIntSpliterator
Event: 3.522 Loading class java/util/stream/Streams$RangeIntSpliterator done
Event: 4.156 Loading class sun/nio/cs/ISO_8859_1$Decoder
Event: 4.156 Loading class sun/nio/cs/ISO_8859_1$Decoder done

Classes unloaded (0 events):
No events

Classes redefined (0 events):
No events

Internal exceptions (20 events):
Event: 2.554 Thread 0x00000186381dc710 Exception <a 'java/lang/NoSuchMethodError'{0x000000072f617288}: 'long java.lang.invoke.DelegatingMethodHandle$Holder.reinvoke_L(java.lang.Object, java.lang.Object, java.lang.Object)'> (0x000000072f617288) 
thrown [s\open\src\hotspot\share\interpreter\linkResolver.cpp, line 805]
Event: 2.598 Thread 0x00000186381dc710 Exception <a 'java/lang/NoSuchMethodError'{0x000000072f723598}: 'long java.lang.invoke.DelegatingMethodHandle$Holder.reinvoke_L(java.lang.Object, java.lang.Object, int)'> (0x000000072f723598) 
thrown [s\open\src\hotspot\share\interpreter\linkResolver.cpp, line 805]
Event: 2.601 Thread 0x00000186381dc710 Exception <a 'java/lang/NoSuchMethodError'{0x000000072f73ae88}: 'java.lang.Object java.lang.invoke.DirectMethodHandle$Holder.invokeStatic(java.lang.Object, java.lang.Object, java.lang.Object, java.lang.Object, int)'> (0x000000072f73ae88) 
thrown [s\open\src\hotspot\share\interpreter\linkResolver.cpp, line 805]
Event: 2.603 Thread 0x00000186381dc710 Exception <a 'java/lang/NoSuchMethodError'{0x000000072f74c598}: 'java.lang.Object java.lang.invoke.DirectMethodHandle$Holder.invokeSpecial(java.lang.Object, java.lang.Object, java.lang.Object, java.lang.Object, long)'> (0x000000072f74c598) 
thrown [s\open\src\hotspot\share\interpreter\linkResolver.cpp, line 805]
Event: 2.612 Thread 0x00000186381dc710 Exception <a 'java/lang/NoSuchMethodError'{0x000000072f7a25c0}: 'java.lang.Object java.lang.invoke.DirectMethodHandle$Holder.invokeStatic(java.lang.Object, java.lang.Object, java.lang.Object, java.lang.Object, java.lang.Object, java.lang.Object, java.lang.Object, java.lang.Object)'> (0x000000072f7a25c0) 
thrown [s\open\src\hotspot\share\interpreter\linkResolver.cpp, line 805]
Event: 2.613 Thread 0x00000186381dc710 Exception <a 'java/lang/NoSuchMethodError'{0x000000072f7b5cd0}: 'java.lang.Object java.lang.invoke.Invokers$Holder.invokeExact_MT(java.lang.Object, java.lang.Object, java.lang.Object, java.lang.Object, java.lang.Object, java.lang.Object)'> (0x000000072f7b5cd0) 
thrown [s\open\src\hotspot\share\interpreter\linkResolver.cpp, line 805]
Event: 2.615 Thread 0x00000186381dc710 Implicit null exception at 0x000001864a9d3ebd to 0x000001864a9d4050
Event: 2.618 Thread 0x00000186381dc710 Exception <a 'java/lang/NoSuchMethodError'{0x000000072f7cefd0}: 'java.lang.Object java.lang.invoke.Invokers$Holder.invokeExact_MT(java.lang.Object, int, java.lang.Object)'> (0x000000072f7cefd0) 
thrown [s\open\src\hotspot\share\interpreter\linkResolver.cpp, line 805]
Event: 2.942 Thread 0x00000186381dc710 Exception <a 'java/lang/NoSuchMethodError'{0x000000072ef97dc0}: 'void java.lang.invoke.Invokers$Holder.invokeExact_MT(java.lang.Object, java.lang.Object, java.lang.Object, java.lang.Object)'> (0x000000072ef97dc0) 
thrown [s\open\src\hotspot\share\interpreter\linkResolver.cpp, line 805]
Event: 2.968 Thread 0x00000186381dc710 Exception <a 'java/lang/NoClassDefFoundError'{0x000000072ec27f30}: com/google/inject/servlet/ServletModuleTargetVisitor> (0x000000072ec27f30) 
thrown [s\open\src\hotspot\share\classfile\systemDictionary.cpp, line 316]
Event: 3.055 Thread 0x00000186381dc710 Exception <a 'java/lang/NoSuchMethodError'{0x000000072edf1ae0}: 'void java.lang.invoke.DirectMethodHandle$Holder.invokeVirtual(java.lang.Object, java.lang.Object)'> (0x000000072edf1ae0) 
thrown [s\open\src\hotspot\share\interpreter\linkResolver.cpp, line 805]
Event: 3.114 Thread 0x00000186381dc710 Exception <a 'java/lang/NoSuchMethodError'{0x000000072ea8f158}: 'java.lang.Object java.lang.invoke.DirectMethodHandle$Holder.invokeStaticInit(java.lang.Object, int, int, int, int)'> (0x000000072ea8f158) 
thrown [s\open\src\hotspot\share\interpreter\linkResolver.cpp, line 805]
Event: 3.289 Thread 0x00000186381dc710 Exception <a 'java/lang/NoSuchMethodError'{0x000000072e78ae98}: 'void java.lang.invoke.DirectMethodHandle$Holder.invokeSpecial(java.lang.Object, java.lang.Object, java.lang.Object, java.lang.Object, java.lang.Object)'> (0x000000072e78ae98) 
thrown [s\open\src\hotspot\share\interpreter\linkResolver.cpp, line 805]
Event: 3.296 Thread 0x00000186381dc710 Exception <a 'java/lang/NoSuchMethodError'{0x000000072e7c2018}: 'java.lang.Object java.lang.invoke.DirectMethodHandle$Holder.invokeVirtual(java.lang.Object, java.lang.Object, java.lang.Object)'> (0x000000072e7c2018) 
thrown [s\open\src\hotspot\share\interpreter\linkResolver.cpp, line 805]
Event: 3.299 Thread 0x00000186381dc710 Exception <a 'java/lang/NoSuchMethodError'{0x000000072e7e85a0}: 'void java.lang.invoke.DirectMethodHandle$Holder.invokeSpecial(java.lang.Object, java.lang.Object, java.lang.Object, java.lang.Object, java.lang.Object, java.lang.Object)'> (0x000000072e7e85a0) 
thrown [s\open\src\hotspot\share\interpreter\linkResolver.cpp, line 805]
Event: 3.365 Thread 0x00000186381dc710 Exception <a 'java/lang/NoSuchMethodError'{0x000000072e5908d8}: 'void java.lang.invoke.DirectMethodHandle$Holder.invokeVirtual(java.lang.Object, java.lang.Object, int)'> (0x000000072e5908d8) 
thrown [s\open\src\hotspot\share\interpreter\linkResolver.cpp, line 805]
Event: 3.366 Thread 0x00000186381dc710 Exception <a 'java/lang/NoSuchMethodError'{0x000000072e599090}: 'void java.lang.invoke.DirectMethodHandle$Holder.invokeSpecial(java.lang.Object, java.lang.Object, java.lang.Object, int)'> (0x000000072e599090) 
thrown [s\open\src\hotspot\share\interpreter\linkResolver.cpp, line 805]
Event: 3.367 Thread 0x00000186381dc710 Exception <a 'java/lang/NoSuchMethodError'{0x000000072e5a1638}: 'void java.lang.invoke.DelegatingMethodHandle$Holder.reinvoke_L(java.lang.Object, java.lang.Object, int)'> (0x000000072e5a1638) 
thrown [s\open\src\hotspot\share\interpreter\linkResolver.cpp, line 805]
Event: 4.871 Thread 0x00000186381dc710 Implicit null exception at 0x000001864aa0086b to 0x000001864aa00a50
Event: 4.871 Thread 0x00000186381dc710 Implicit null exception at 0x000001864aa03aeb to 0x000001864aa03ccc

VM Operations (20 events):
Event: 2.674 Executing VM operation: HandshakeAllThreads (Deoptimize)
Event: 2.674 Executing VM operation: HandshakeAllThreads (Deoptimize) done
Event: 2.676 Executing VM operation: HandshakeAllThreads (Deoptimize)
Event: 2.676 Executing VM operation: HandshakeAllThreads (Deoptimize) done
Event: 2.739 Executing VM operation: HandshakeAllThreads (Deoptimize)
Event: 2.739 Executing VM operation: HandshakeAllThreads (Deoptimize) done
Event: 2.934 Executing VM operation: HandshakeAllThreads (Deoptimize)
Event: 2.934 Executing VM operation: HandshakeAllThreads (Deoptimize) done
Event: 3.069 Executing VM operation: HandshakeAllThreads (Deoptimize)
Event: 3.069 Executing VM operation: HandshakeAllThreads (Deoptimize) done
Event: 3.133 Executing VM operation: HandshakeAllThreads (Deoptimize)
Event: 3.133 Executing VM operation: HandshakeAllThreads (Deoptimize) done
Event: 3.175 Executing VM operation: HandshakeAllThreads (Deoptimize)
Event: 3.175 Executing VM operation: HandshakeAllThreads (Deoptimize) done
Event: 3.198 Executing VM operation: HandshakeAllThreads (Deoptimize)
Event: 3.198 Executing VM operation: HandshakeAllThreads (Deoptimize) done
Event: 3.233 Executing VM operation: HandshakeAllThreads (Deoptimize)
Event: 3.234 Executing VM operation: HandshakeAllThreads (Deoptimize) done
Event: 3.235 Executing VM operation: HandshakeAllThreads (Deoptimize)
Event: 3.235 Executing VM operation: HandshakeAllThreads (Deoptimize) done

Memory protections (0 events):
No events

Nmethod flushes (0 events):
No events

Events (20 events):
Event: 0.430 Thread 0x00000186381dc710 Thread added: 0x00000186381dc710
Event: 0.447 Thread 0x00000186381dc710 Thread added: 0x00000186591d1630
Event: 0.447 Thread 0x00000186381dc710 Thread added: 0x00000186591d3e80
Event: 0.448 Thread 0x00000186381dc710 Thread added: 0x00000186591d78c0
Event: 0.448 Thread 0x00000186381dc710 Thread added: 0x00000186591d9440
Event: 0.448 Thread 0x00000186381dc710 Thread added: 0x00000186591dbaf0
Event: 0.449 Thread 0x00000186381dc710 Thread added: 0x00000186591def00
Event: 0.449 Thread 0x00000186381dc710 Thread added: 0x00000186591e1d60
Event: 0.449 Thread 0x00000186381dc710 Thread added: 0x00000186591ea5e0
Event: 0.455 Thread 0x00000186381dc710 Thread added: 0x00000186592928b0
Event: 0.458 Thread 0x00000186381dc710 Thread added: 0x00000186592a7820
Event: 0.548 Thread 0x00000186591ea5e0 Thread added: 0x00000186593a1650
Event: 0.657 Thread 0x00000186381dc710 Thread added: 0x0000018659abe0e0
Event: 0.676 Thread 0x0000018659abe0e0 Thread exited: 0x0000018659abe0e0
Event: 1.448 Thread 0x00000186591ea5e0 Thread added: 0x000001869f0b2e40
Event: 2.245 Thread 0x000001869f0b2e40 Thread exited: 0x000001869f0b2e40
Event: 2.274 Thread 0x00000186593a1650 Thread exited: 0x00000186593a1650
Event: 3.196 Thread 0x00000186381dc710 Thread added: 0x000001869f292410
Event: 3.282 Thread 0x00000186591ea5e0 Thread added: 0x000001869f3b0670
Event: 3.563 Thread 0x00000186591e1d60 Thread added: 0x000001869fb3c950


Dynamic libraries:
0x00007ff676610000 - 0x00007ff676620000 	C:\Program Files\Java\jdk-24\bin\java.exe
0x00007ffc43040000 - 0x00007ffc432a6000 	C:\WINDOWS\SYSTEM32\ntdll.dll
0x00007ffc41c40000 - 0x00007ffc41d09000 	C:\WINDOWS\System32\KERNEL32.DLL
0x00007ffc408f0000 - 0x00007ffc40cbc000 	C:\WINDOWS\System32\KERNELBASE.dll
0x00007ffc404d0000 - 0x00007ffc4061b000 	C:\WINDOWS\System32\ucrtbase.dll
0x00007ffc1b940000 - 0x00007ffc1b956000 	C:\Program Files\Java\jdk-24\bin\jli.dll
0x00007ffc2c5c0000 - 0x00007ffc2c5db000 	C:\Program Files\Java\jdk-24\bin\VCRUNTIME140.dll
0x00007ffc42550000 - 0x00007ffc4271a000 	C:\WINDOWS\System32\USER32.dll
0x00007ffc404a0000 - 0x00007ffc404c7000 	C:\WINDOWS\System32\win32u.dll
0x00007ffc41e80000 - 0x00007ffc41eab000 	C:\WINDOWS\System32\GDI32.dll
0x00007ffc2f120000 - 0x00007ffc2f3ba000 	C:\WINDOWS\WinSxS\amd64_microsoft.windows.common-controls_6595b64144ccf1df_6.0.26100.3912_none_3e07963ce335137e\COMCTL32.dll
0x00007ffc40cc0000 - 0x00007ffc40df2000 	C:\WINDOWS\System32\gdi32full.dll
0x00007ffc422e0000 - 0x00007ffc42389000 	C:\WINDOWS\System32\msvcrt.dll
0x00007ffc403f0000 - 0x00007ffc40493000 	C:\WINDOWS\System32\msvcp_win.dll
0x00007ffc41a30000 - 0x00007ffc41a60000 	C:\WINDOWS\System32\IMM32.DLL
0x00000000598c0000 - 0x00000000598cc000 	C:\Program Files (x86)\360\Total Security\safemon\SafeWrapper.dll
0x00007ffc41dc0000 - 0x00007ffc41e72000 	C:\WINDOWS\System32\ADVAPI32.dll
0x00007ffc42f50000 - 0x00007ffc42ff6000 	C:\WINDOWS\System32\sechost.dll
0x00007ffc427b0000 - 0x00007ffc428c6000 	C:\WINDOWS\System32\RPCRT4.dll
0x00007ffc22c70000 - 0x00007ffc22d1c000 	C:\Program Files (x86)\360\Total Security\safemon\libzdtp64.dll
0x00007ffc41300000 - 0x00007ffc41a2d000 	C:\WINDOWS\System32\SHELL32.dll
0x00007ffc40270000 - 0x00007ffc403e4000 	C:\WINDOWS\System32\wintypes.dll
0x00007ffc40e00000 - 0x00007ffc41184000 	C:\WINDOWS\System32\combase.dll
0x00007ffc42740000 - 0x00007ffc427a9000 	C:\WINDOWS\System32\SHLWAPI.dll
0x00007ffc3fa90000 - 0x00007ffc3fa9b000 	C:\WINDOWS\SYSTEM32\VERSION.dll
0x00007ffc22980000 - 0x00007ffc2298c000 	C:\Program Files\Java\jdk-24\bin\vcruntime140_1.dll
0x00007ffbf2770000 - 0x00007ffbf27fe000 	C:\Program Files\Java\jdk-24\bin\msvcp140.dll
0x00007ffba97e0000 - 0x00007ffbaa582000 	C:\Program Files\Java\jdk-24\bin\server\jvm.dll
0x00007ffc41eb0000 - 0x00007ffc41f24000 	C:\WINDOWS\System32\WS2_32.dll
0x00007ffc40020000 - 0x00007ffc4007e000 	C:\WINDOWS\SYSTEM32\POWRPROF.dll
0x00007ffc394e0000 - 0x00007ffc39516000 	C:\WINDOWS\SYSTEM32\WINMM.dll
0x00007ffc40000000 - 0x00007ffc40014000 	C:\WINDOWS\SYSTEM32\UMPDC.dll
0x00007ffc3ef20000 - 0x00007ffc3ef3a000 	C:\WINDOWS\SYSTEM32\kernel.appcore.dll
0x00007ffc21a60000 - 0x00007ffc21a6a000 	C:\Program Files\Java\jdk-24\bin\jimage.dll
0x00007ffc31670000 - 0x00007ffc318b1000 	C:\WINDOWS\SYSTEM32\DBGHELP.DLL
0x00007ffc42960000 - 0x00007ffc42a40000 	C:\WINDOWS\System32\OLEAUT32.dll
0x00007ffc292f0000 - 0x00007ffc29329000 	C:\WINDOWS\SYSTEM32\dbgcore.DLL
0x00007ffc401d0000 - 0x00007ffc40269000 	C:\WINDOWS\System32\bcryptPrimitives.dll
0x00007ffc1b920000 - 0x00007ffc1b93e000 	C:\Program Files\Java\jdk-24\bin\java.dll
0x00007ffc42130000 - 0x00007ffc422cf000 	C:\WINDOWS\System32\ole32.dll
0x00007ffc3de10000 - 0x00007ffc3e666000 	C:\WINDOWS\SYSTEM32\windows.storage.dll
0x00007ffc41a70000 - 0x00007ffc41b5f000 	C:\WINDOWS\System32\SHCORE.dll
0x00007ffc400e0000 - 0x00007ffc4010f000 	C:\WINDOWS\SYSTEM32\profapi.dll
0x00007ffbac670000 - 0x00007ffbac747000 	C:\Program Files\Java\jdk-24\bin\jsvml.dll
0x00007ffc21a00000 - 0x00007ffc21a10000 	C:\Program Files\Java\jdk-24\bin\net.dll
0x00007ffc3f490000 - 0x00007ffc3f4fa000 	C:\WINDOWS\system32\mswsock.dll
0x00007ffc1b900000 - 0x00007ffc1b916000 	C:\Program Files\Java\jdk-24\bin\nio.dll
0x00007ffbf6250000 - 0x00007ffbf6267000 	C:\Program Files\Java\jdk-24\bin\zip.dll
0x00007ffbdf230000 - 0x00007ffbdf254000 	C:\Users\User\Downloads\apache-maven-3.9.9-bin\apache-maven-3.9.9\lib\jansi-native\Windows\x86_64\jansi.dll
0x00007ffc219b0000 - 0x00007ffc219c0000 	C:\Program Files\Java\jdk-24\bin\verify.dll

JVMTI agents: none

dbghelp: loaded successfully - version: 4.0.5 - missing functions: none
symbol engine: initialized successfully - sym options: 0x614 - pdb path: .;C:\Program Files\Java\jdk-24\bin;C:\WINDOWS\SYSTEM32;C:\WINDOWS\WinSxS\amd64_microsoft.windows.common-controls_6595b64144ccf1df_6.0.26100.3912_none_3e07963ce335137e;C:\Program Files (x86)\360\Total Security\safemon;C:\Program Files\Java\jdk-24\bin\server;C:\Users\User\Downloads\apache-maven-3.9.9-bin\apache-maven-3.9.9\lib\jansi-native\Windows\x86_64

VM Arguments:
jvm_args: -Dclassworlds.conf=C:\Users\User\Downloads\apache-maven-3.9.9-bin\apache-maven-3.9.9\bin\m2.conf -Dmaven.home=C:\Users\User\Downloads\apache-maven-3.9.9-bin\apache-maven-3.9.9 -Dlibrary.jansi.path=C:\Users\User\Downloads\apache-maven-3.9.9-bin\apache-maven-3.9.9\lib\jansi-native -Dmaven.multiModuleProjectDirectory=C:\Users\User\IdeaProjects\Selenium_Prachi 
java_command: org.codehaus.plexus.classworlds.launcher.Launcher clean test
java_class_path (initial): C:\Users\User\Downloads\apache-maven-3.9.9-bin\apache-maven-3.9.9\boot\plexus-classworlds-2.8.0.jar
Launcher Type: SUN_STANDARD

[Global flags]
     intx CICompilerCount                          = 4                                         {product} {ergonomic}
     uint ConcGCThreads                            = 2                                         {product} {ergonomic}
     uint G1ConcRefinementThreads                  = 8                                         {product} {ergonomic}
   size_t G1HeapRegionSize                         = 2097152                                   {product} {ergonomic}
   size_t InitialHeapSize                          = 234881024                                 {product} {ergonomic}
   size_t MarkStackSize                            = 4194304                                   {product} {ergonomic}
   size_t MarkStackSizeMax                         = 536870912                                 {product} {ergonomic}
   size_t MaxHeapSize                              = 3728736256                                {product} {ergonomic}
   size_t MaxNewSize                               = 2235564032                                {product} {ergonomic}
   size_t MinHeapDeltaBytes                        = 2097152                                   {product} {ergonomic}
   size_t MinHeapSize                              = 8388608                                   {product} {ergonomic}
    uintx NonNMethodCodeHeapSize                   = 5832704                                {pd product} {ergonomic}
    uintx NonProfiledCodeHeapSize                  = 122945536                              {pd product} {ergonomic}
    uintx ProfiledCodeHeapSize                     = 122880000                              {pd product} {ergonomic}
    uintx ReservedCodeCacheSize                    = 251658240                              {pd product} {ergonomic}
     bool SegmentedCodeCache                       = true                                      {product} {ergonomic}
   size_t SoftMaxHeapSize                          = 3728736256                             {manageable} {ergonomic}
     bool UseCompressedOops                        = true                           {product lp64_product} {ergonomic}
     bool UseG1GC                                  = true                                      {product} {ergonomic}
     bool UseLargePagesIndividualAllocation        = false                                  {pd product} {ergonomic}

Logging:
Log output configuration:
 #0: stdout all=warning uptime,level,tags foldmultilines=false
 #1: stderr all=off uptime,level,tags foldmultilines=false

Environment Variables:
PATH=C:\Program Files\Common Files\Oracle\Java\javapath;C:\WINDOWS\system32;C:\WINDOWS;C:\WINDOWS\System32\Wbem;C:\WINDOWS\System32\WindowsPowerShell\v1.0\;C:\WINDOWS\System32\OpenSSH\;C:\Program Files\nodejs\;C:\Users\User\Downloads\apache-maven-3.9.9-bin\apache-maven-3.9.9\bin;C:\Program Files\Git\cmd;C:\Users\User\Downloads\apache-maven-3.9.9-bin;C:\Program Files\Git\bin;C:\Program Files\Git\cmd;C:\Users\User\AppData\Local\Microsoft\WindowsApps;C:\Users\User\AppData\Roaming\npm
USERNAME=User
OS=Windows_NT
PROCESSOR_IDENTIFIER=AMD64 Family 23 Model 24 Stepping 1, AuthenticAMD
TMP=C:\Users\User\AppData\Local\Temp
TEMP=C:\Users\User\AppData\Local\Temp




Periodic native trim disabled

---------------  S Y S T E M  ---------------

OS:
 Windows 11 , 64 bit Build 26100 (10.0.26100.3912)
OS uptime: 7 days 0:07 hours

CPU: total 8 (initial active 8) (8 cores per cpu, 2 threads per core) family 23 model 24 stepping 1 microcode 0x810810e, cx8, cmov, fxsr, ht, mmx, 3dnowpref, sse, sse2, sse3, ssse3, sse4a, sse4.1, sse4.2, popcnt, lzcnt, tsc, tscinvbit, avx, avx2, aes, clmul, bmi1, bmi2, adx, sha, fma, vzeroupper, clflush, clflushopt, rdtscp, f16c
Processor Information for the first 8 processors :
  Max Mhz: 2100, Current Mhz: 2100, Mhz Limit: 2100

Memory: 4k page, system-wide physical 14222M (1488M free)
TotalPageFile size 39125M (AvailPageFile size 34M)
current process WorkingSet (physical memory assigned to process): 227M, peak: 227M
current process commit charge ("private bytes"): 380M, peak: 392M

vm_info: Java HotSpot(TM) 64-Bit Server VM (24.0.1+9-30) for windows-amd64 JRE (24.0.1+9-30), built on 2025-03-05T07:23:45Z with MS VC++ 17.6 (VS2022)

END.
